Arguments: 
  /usr/bin/node /usr/bin/yarn

PATH: 
  /home/charalambos/.cargo/bin:/home/charalambos/.local/share/solana/install/active_release/bin:/usr/local/sbin:/usr/local/bin:/usr/sbin:/usr/bin:/sbin:/bin:/usr/games:/usr/local/games:/snap/bin

Yarn version: 
  1.22.17

Node version: 
  14.21.3

Platform: 
  linux x64

Trace: 
  Error: https://registry.yarnpkg.com/@coral_xyz%2fanchor: Not found
      at Request.params.callback [as _callback] (/usr/lib/node_modules/yarn/lib/cli.js:67029:18)
      at Request.self.callback (/usr/lib/node_modules/yarn/lib/cli.js:140883:22)
      at Request.emit (events.js:400:28)
      at Request.<anonymous> (/usr/lib/node_modules/yarn/lib/cli.js:141855:10)
      at Request.emit (events.js:400:28)
      at IncomingMessage.<anonymous> (/usr/lib/node_modules/yarn/lib/cli.js:141777:12)
      at Object.onceWrapper (events.js:519:28)
      at IncomingMessage.emit (events.js:412:35)
      at endReadableNT (internal/streams/readable.js:1333:12)
      at processTicksAndRejections (internal/process/task_queues.js:82:21)

npm manifest: 
  {
      "name": "@SolCharms/DeEdIT",
      "version": "0.1.0",
      "description": "sdk for DeEdIT Tool Suite",
      "main": "dist/index.js",
      "types": "dist/index.d.ts",
      "files": [
          "/dist"
      ],
      "repository": {
          "type": "git",
          "url": "git+https://github.com/SolCharms/DeEdIT"
      },
      "keywords": [
          "solana",
          "on chain profile",
          "proof of work programs",
          "decentalized educational infrastructure and tooling"
      ],
      "author": "SolCharms",
      "license": "MIT",
      "bugs": {
          "url": "https://github.com/SolCharms/DeEdIT/issues"
      },
      "homepage": "https://github.com/SolCharms/DeEdIT/README.md",
      "scripts": {
          "build": "anchor build && ./scripts/cp_idl.sh",
          "test": "yarn build && anchor test --skip-build",
          "pub": "rm -rf ./dist && tsc",
          "update:anchor": "yarn upgrade @project-serum/anchor --latest --check-files"
      },
      "dependencies": {
          "@metaplex-foundation/mpl-token-metadata": "^0.0.2",
          "@metaplex/js": "^4.9.0",
          "@coral_xyz/anchor": "0.26.0",
          "@solana/spl-token": "^0.1.8",
          "@solana/wallet-adapter-base": "^0.8.1",
          "@solana/web3.js": "^1.31.0",
          "p-limit": "^3.1.0"
      },
      "devDependencies": {
          "@types/chai": "^4.2.22",
          "@types/chai-as-promised": "^7.1.4",
          "@types/mocha": "^9.0.0",
          "@types/yargs": "^17.0.10",
          "yargs": "^17.4.1",
          "chai": "^4.3.4",
          "chai-as-promised": "^7.1.1",
          "mocha": "^9.0.3",
          "prettier": "^2.5.0",
          "ts-mocha": "^8.0.0",
          "typescript": "4.3.5"
      }
  }

yarn manifest: 
  No manifest

Lockfile: 
  No lockfile
